{"uuid":"97e676f3-eff4-46eb-83af-1c1e763306ee","historyId":"ef5678b2da8a4f6787a5b366a9a98ba4","fullName":"src/test/resources/features/OrlandoHealth.feature:10","labels":[{"name":"tag","value":"myTest"},{"name":"host","value":"DESKTOP-44R70KQ"},{"name":"thread","value":"11636@DESKTOP-44R70KQ.main(1)"},{"name":"feature","value":"Treatment Experience in Orlando Hospital"},{"name":"story","value":"The User Make an appointment to visit"},{"name":"suite","value":"Treatment Experience in Orlando Hospital"},{"name":"testClass","value":"The User Make an appointment to visit"},{"name":"framework","value":"cucumber4jvm"},{"name":"language","value":"java"},{"name":"gherkin_uri","value":"file:///C:/SeleniumTestFramework/src/test/resources/features/OrlandoHealth.feature"},{"name":"package","value":"src.test.resources.features.OrlandoHealth_feature.Treatment Experience in Orlando Hospital"}],"links":[],"name":"The User Make an appointment to visit","status":"broken","statusDetails":{"known":false,"muted":false,"flaky":false,"message":"invalid selector: Unable to locate an element with the xpath expression [[ChromeDriver: chrome on windows (940821d782bab344e3c72ace5d131de5)] -> xpath: //*[@id ='Case.API_Email__c']] because of the following error:\nSyntaxError: Failed to execute 'evaluate' on 'Document': The string '[[ChromeDriver: chrome on windows (940821d782bab344e3c72ace5d131de5)] -> xpath: //*[@id ='Case.API_Email__c']]' is not a valid XPath expression.\n  (Session info: chrome=119.0.6045.160)\nFor documentation on this error, please visit: https://www.selenium.dev/documentation/webdriver/troubleshooting/errors#invalid-selector-exception\nBuild info: version: '4.10.0', revision: 'c14d967899'\nSystem info: os.name: 'Windows 10', os.arch: 'amd64', os.version: '10.0', java.version: '11.0.14'\nDriver info: org.openqa.selenium.chrome.ChromeDriver\nCommand: [940821d782bab344e3c72ace5d131de5, findElement {using=xpath, value=[[ChromeDriver: chrome on windows (940821d782bab344e3c72ace5d131de5)] -> xpath: //*[@id ='Case.API_Email__c']]}]\nCapabilities {acceptInsecureCerts: false, browserName: chrome, browserVersion: 119.0.6045.160, chrome: {chromedriverVersion: 119.0.6045.105 (38c72552c5e..., userDataDir: C:\\Users\\asiq_\\AppData\\Loca...}, fedcm:accounts: true, goog:chromeOptions: {debuggerAddress: localhost:52289}, networkConnectionEnabled: false, pageLoadStrategy: normal, platformName: windows, proxy: Proxy(), se:cdp: ws://localhost:52289/devtoo..., se:cdpVersion: 119.0.6045.160, setWindowRect: true, strictFileInteractability: false, timeouts: {implicit: 0, pageLoad: 300000, script: 30000}, unhandledPromptBehavior: dismiss and notify, webauthn:extension:credBlob: true, webauthn:extension:largeBlob: true, webauthn:extension:minPinLength: true, webauthn:extension:prf: true, webauthn:virtualAuthenticators: true}\nSession ID: 940821d782bab344e3c72ace5d131de5","trace":"org.openqa.selenium.InvalidSelectorException: invalid selector: Unable to locate an element with the xpath expression [[ChromeDriver: chrome on windows (940821d782bab344e3c72ace5d131de5)] -> xpath: //*[@id ='Case.API_Email__c']] because of the following error:\nSyntaxError: Failed to execute 'evaluate' on 'Document': The string '[[ChromeDriver: chrome on windows (940821d782bab344e3c72ace5d131de5)] -> xpath: //*[@id ='Case.API_Email__c']]' is not a valid XPath expression.\n  (Session info: chrome=119.0.6045.160)\nFor documentation on this error, please visit: https://www.selenium.dev/documentation/webdriver/troubleshooting/errors#invalid-selector-exception\nBuild info: version: '4.10.0', revision: 'c14d967899'\nSystem info: os.name: 'Windows 10', os.arch: 'amd64', os.version: '10.0', java.version: '11.0.14'\nDriver info: org.openqa.selenium.chrome.ChromeDriver\nCommand: [940821d782bab344e3c72ace5d131de5, findElement {using=xpath, value=[[ChromeDriver: chrome on windows (940821d782bab344e3c72ace5d131de5)] -> xpath: //*[@id ='Case.API_Email__c']]}]\nCapabilities {acceptInsecureCerts: false, browserName: chrome, browserVersion: 119.0.6045.160, chrome: {chromedriverVersion: 119.0.6045.105 (38c72552c5e..., userDataDir: C:\\Users\\asiq_\\AppData\\Loca...}, fedcm:accounts: true, goog:chromeOptions: {debuggerAddress: localhost:52289}, networkConnectionEnabled: false, pageLoadStrategy: normal, platformName: windows, proxy: Proxy(), se:cdp: ws://localhost:52289/devtoo..., se:cdpVersion: 119.0.6045.160, setWindowRect: true, strictFileInteractability: false, timeouts: {implicit: 0, pageLoad: 300000, script: 30000}, unhandledPromptBehavior: dismiss and notify, webauthn:extension:credBlob: true, webauthn:extension:largeBlob: true, webauthn:extension:minPinLength: true, webauthn:extension:prf: true, webauthn:virtualAuthenticators: true}\nSession ID: 940821d782bab344e3c72ace5d131de5\r\n\tat java.base/jdk.internal.reflect.NativeConstructorAccessorImpl.newInstance0(Native Method)\r\n\tat java.base/jdk.internal.reflect.NativeConstructorAccessorImpl.newInstance(NativeConstructorAccessorImpl.java:62)\r\n\tat java.base/jdk.internal.reflect.DelegatingConstructorAccessorImpl.newInstance(DelegatingConstructorAccessorImpl.java:45)\r\n\tat java.base/java.lang.reflect.Constructor.newInstance(Constructor.java:490)\r\n\tat org.openqa.selenium.remote.codec.w3c.W3CHttpResponseCodec.createException(W3CHttpResponseCodec.java:199)\r\n\tat org.openqa.selenium.remote.codec.w3c.W3CHttpResponseCodec.decode(W3CHttpResponseCodec.java:132)\r\n\tat org.openqa.selenium.remote.codec.w3c.W3CHttpResponseCodec.decode(W3CHttpResponseCodec.java:51)\r\n\tat org.openqa.selenium.remote.HttpCommandExecutor.execute(HttpCommandExecutor.java:191)\r\n\tat org.openqa.selenium.remote.service.DriverCommandExecutor.invokeExecute(DriverCommandExecutor.java:196)\r\n\tat org.openqa.selenium.remote.service.DriverCommandExecutor.execute(DriverCommandExecutor.java:171)\r\n\tat org.openqa.selenium.remote.RemoteWebDriver.execute(RemoteWebDriver.java:531)\r\n\tat org.openqa.selenium.remote.ElementLocation$ElementFinder$2.findElement(ElementLocation.java:165)\r\n\tat org.openqa.selenium.remote.ElementLocation.findElement(ElementLocation.java:59)\r\n\tat org.openqa.selenium.remote.RemoteWebDriver.findElement(RemoteWebDriver.java:350)\r\n\tat org.openqa.selenium.remote.RemoteWebDriver.findElement(RemoteWebDriver.java:344)\r\n\tat pageObjects.OrlandoHealthPage.selectUsPhNumberRadioBtn(OrlandoHealthPage.java:105)\r\n\tat stepDefinitions.OrlandoHealthSteps.user_fill_required_info_and_click_submit(OrlandoHealthSteps.java:44)\r\n\tat ✽.User Fill required info and click submit(file:///C:/SeleniumTestFramework/src/test/resources/features/OrlandoHealth.feature:14)\r\n"},"stage":"finished","steps":[{"name":"Given  User Launches Chrome Browser","status":"passed","statusDetails":{"known":false,"muted":false,"flaky":false},"stage":"finished","steps":[],"attachments":[],"parameters":[],"start":1701109738714,"stop":1701109738789},{"name":"When  User click Appointment Tab","status":"passed","statusDetails":{"known":false,"muted":false,"flaky":false},"stage":"finished","steps":[],"attachments":[],"parameters":[],"start":1701109738791,"stop":1701109738977},{"name":"And  User click Request a Call back","status":"passed","statusDetails":{"known":false,"muted":false,"flaky":false},"stage":"finished","steps":[],"attachments":[],"parameters":[],"start":1701109738978,"stop":1701109740543},{"name":"And  User Fill required info and click submit","status":"broken","statusDetails":{"known":false,"muted":false,"flaky":false,"message":"invalid selector: Unable to locate an element with the xpath expression [[ChromeDriver: chrome on windows (940821d782bab344e3c72ace5d131de5)] -> xpath: //*[@id ='Case.API_Email__c']] because of the following error:\nSyntaxError: Failed to execute 'evaluate' on 'Document': The string '[[ChromeDriver: chrome on windows (940821d782bab344e3c72ace5d131de5)] -> xpath: //*[@id ='Case.API_Email__c']]' is not a valid XPath expression.\n  (Session info: chrome=119.0.6045.160)\nFor documentation on this error, please visit: https://www.selenium.dev/documentation/webdriver/troubleshooting/errors#invalid-selector-exception\nBuild info: version: '4.10.0', revision: 'c14d967899'\nSystem info: os.name: 'Windows 10', os.arch: 'amd64', os.version: '10.0', java.version: '11.0.14'\nDriver info: org.openqa.selenium.chrome.ChromeDriver\nCommand: [940821d782bab344e3c72ace5d131de5, findElement {using=xpath, value=[[ChromeDriver: chrome on windows (940821d782bab344e3c72ace5d131de5)] -> xpath: //*[@id ='Case.API_Email__c']]}]\nCapabilities {acceptInsecureCerts: false, browserName: chrome, browserVersion: 119.0.6045.160, chrome: {chromedriverVersion: 119.0.6045.105 (38c72552c5e..., userDataDir: C:\\Users\\asiq_\\AppData\\Loca...}, fedcm:accounts: true, goog:chromeOptions: {debuggerAddress: localhost:52289}, networkConnectionEnabled: false, pageLoadStrategy: normal, platformName: windows, proxy: Proxy(), se:cdp: ws://localhost:52289/devtoo..., se:cdpVersion: 119.0.6045.160, setWindowRect: true, strictFileInteractability: false, timeouts: {implicit: 0, pageLoad: 300000, script: 30000}, unhandledPromptBehavior: dismiss and notify, webauthn:extension:credBlob: true, webauthn:extension:largeBlob: true, webauthn:extension:minPinLength: true, webauthn:extension:prf: true, webauthn:virtualAuthenticators: true}\nSession ID: 940821d782bab344e3c72ace5d131de5","trace":"org.openqa.selenium.InvalidSelectorException: invalid selector: Unable to locate an element with the xpath expression [[ChromeDriver: chrome on windows (940821d782bab344e3c72ace5d131de5)] -> xpath: //*[@id ='Case.API_Email__c']] because of the following error:\nSyntaxError: Failed to execute 'evaluate' on 'Document': The string '[[ChromeDriver: chrome on windows (940821d782bab344e3c72ace5d131de5)] -> xpath: //*[@id ='Case.API_Email__c']]' is not a valid XPath expression.\n  (Session info: chrome=119.0.6045.160)\nFor documentation on this error, please visit: https://www.selenium.dev/documentation/webdriver/troubleshooting/errors#invalid-selector-exception\nBuild info: version: '4.10.0', revision: 'c14d967899'\nSystem info: os.name: 'Windows 10', os.arch: 'amd64', os.version: '10.0', java.version: '11.0.14'\nDriver info: org.openqa.selenium.chrome.ChromeDriver\nCommand: [940821d782bab344e3c72ace5d131de5, findElement {using=xpath, value=[[ChromeDriver: chrome on windows (940821d782bab344e3c72ace5d131de5)] -> xpath: //*[@id ='Case.API_Email__c']]}]\nCapabilities {acceptInsecureCerts: false, browserName: chrome, browserVersion: 119.0.6045.160, chrome: {chromedriverVersion: 119.0.6045.105 (38c72552c5e..., userDataDir: C:\\Users\\asiq_\\AppData\\Loca...}, fedcm:accounts: true, goog:chromeOptions: {debuggerAddress: localhost:52289}, networkConnectionEnabled: false, pageLoadStrategy: normal, platformName: windows, proxy: Proxy(), se:cdp: ws://localhost:52289/devtoo..., se:cdpVersion: 119.0.6045.160, setWindowRect: true, strictFileInteractability: false, timeouts: {implicit: 0, pageLoad: 300000, script: 30000}, unhandledPromptBehavior: dismiss and notify, webauthn:extension:credBlob: true, webauthn:extension:largeBlob: true, webauthn:extension:minPinLength: true, webauthn:extension:prf: true, webauthn:virtualAuthenticators: true}\nSession ID: 940821d782bab344e3c72ace5d131de5\r\n\tat java.base/jdk.internal.reflect.NativeConstructorAccessorImpl.newInstance0(Native Method)\r\n\tat java.base/jdk.internal.reflect.NativeConstructorAccessorImpl.newInstance(NativeConstructorAccessorImpl.java:62)\r\n\tat java.base/jdk.internal.reflect.DelegatingConstructorAccessorImpl.newInstance(DelegatingConstructorAccessorImpl.java:45)\r\n\tat java.base/java.lang.reflect.Constructor.newInstance(Constructor.java:490)\r\n\tat org.openqa.selenium.remote.codec.w3c.W3CHttpResponseCodec.createException(W3CHttpResponseCodec.java:199)\r\n\tat org.openqa.selenium.remote.codec.w3c.W3CHttpResponseCodec.decode(W3CHttpResponseCodec.java:132)\r\n\tat org.openqa.selenium.remote.codec.w3c.W3CHttpResponseCodec.decode(W3CHttpResponseCodec.java:51)\r\n\tat org.openqa.selenium.remote.HttpCommandExecutor.execute(HttpCommandExecutor.java:191)\r\n\tat org.openqa.selenium.remote.service.DriverCommandExecutor.invokeExecute(DriverCommandExecutor.java:196)\r\n\tat org.openqa.selenium.remote.service.DriverCommandExecutor.execute(DriverCommandExecutor.java:171)\r\n\tat org.openqa.selenium.remote.RemoteWebDriver.execute(RemoteWebDriver.java:531)\r\n\tat org.openqa.selenium.remote.ElementLocation$ElementFinder$2.findElement(ElementLocation.java:165)\r\n\tat org.openqa.selenium.remote.ElementLocation.findElement(ElementLocation.java:59)\r\n\tat org.openqa.selenium.remote.RemoteWebDriver.findElement(RemoteWebDriver.java:350)\r\n\tat org.openqa.selenium.remote.RemoteWebDriver.findElement(RemoteWebDriver.java:344)\r\n\tat pageObjects.OrlandoHealthPage.selectUsPhNumberRadioBtn(OrlandoHealthPage.java:105)\r\n\tat stepDefinitions.OrlandoHealthSteps.user_fill_required_info_and_click_submit(OrlandoHealthSteps.java:44)\r\n\tat ✽.User Fill required info and click submit(file:///C:/SeleniumTestFramework/src/test/resources/features/OrlandoHealth.feature:14)\r\n"},"stage":"finished","steps":[],"attachments":[],"parameters":[],"start":1701109740553,"stop":1701109750674},{"name":"Then  User will get a success Message for an appointment","status":"skipped","statusDetails":{"known":false,"muted":false,"flaky":false},"stage":"finished","steps":[],"attachments":[],"parameters":[],"start":1701109750692,"stop":1701109750693}],"attachments":[],"parameters":[],"start":1701109731638,"stop":1701109751959}